
> nodetest1@0.0.0 start /opt/nodetest1
> node ./bin/www

{ [Error: Cannot find module '../build/Release/bson'] code: 'MODULE_NOT_FOUND' }
js-bson: Failed to load c++ bson extension, using pure JS version
Mon, 27 Jul 2015 18:54:58 GMT body-parser deprecated undefined extended: provide extended option at app.js:33:20
Port 80 is already in use

npm ERR! Linux 3.13.0-43-generic
npm ERR! argv "/usr/local/bin/node" "/usr/local/bin/npm" "start"
npm ERR! node v0.12.1
npm ERR! npm  v2.5.1
npm ERR! code ELIFECYCLE
npm ERR! nodetest1@0.0.0 start: `node ./bin/www`
npm ERR! Exit status 1
npm ERR! 
npm ERR! Failed at the nodetest1@0.0.0 start script 'node ./bin/www'.
npm ERR! This is most likely a problem with the nodetest1 package,
npm ERR! not with np[0mGET / [36m304 [0m4.014 ms - -[0m
[0mGET /Styles/style_remover.css [36m304 [0m2.714 ms - -[0m
[0mGET /Styles/index_style.css [36m304 [0m2.769 ms - -[0m
[0mGET /images/Stride%20right%20font.png [36m304 [0m0.851 ms - -[0m
[0mGET /images/twitter_white_logo.png [36m304 [0m0.961 ms - -[0m
[0mGET /images/facebook_logo.png [36m304 [0m1.837 ms - -[0m
[0mGET /images/stride.ico [32m200 [0m6.007 ms - 236[0m
[0mGET / [36m304 [0m2.828 ms - -[0m
[0mGET /Styles/style_remover.css [36m304 [0m4.537 ms - -[0m
[0mGET /Styles/index_style.css [36m304 [0m3.881 ms - -[0m
[0mGET /images/Stride%20right%20font.png [36m304 [0m3.670 ms - -[0m
[0mGET /images/twitter_white_logo.png [36m304 [0m1.662 ms - -[0m
[0mGET /images/facebook_logo.png [36m304 [0m1.143 ms - -[0m
[0mGET /images/stride.ico [32m200 [0m2.166 ms - 236[0m
[0mGET / [32m200 [0m4.929 ms - 1856[0m
[0mGET /Styles/style_remover.css [32m200 [0m5.596 ms - 1118[0m
[0mGET /Styles/index_style.css [32m200 [0m4.131 ms - 8435[0m
[0mGET /images/Stride%20right%20font.png [32m200 [0m1.149 ms - 5418[0m
[0mGET /images/twitter_white_logo.png [32m200 [0m1.513 ms - 3932[0m
[0mGET /images/facebook_logo.png [32m200 [0m5.412 ms - 686[0m
[0mGET /images/stride.ico [32m200 [0m2.198 ms - 236[0m
[0mGET /signuptype [32m200 [0m54.488 ms - 1394[0m
[0mGET /Styles/style_remover.css [36m304 [0m0.535 ms - -[0m
[0mGET /Styles/index_style.css [36m304 [0m1.008 ms - -[0m
[0mPOST /login [32m200 [0m231.990 ms - 1400[0m
[0mGET /Styles/style_remover.css [36m304 [0m2.809 ms - -[0m
[0mGET /Styles/index_style.css [36m304 [0m1.087 ms - -[0m
[0mPOST /login [32m200 [0m175.378 ms - 2056[0m
[0mGET /Styles/style_remover.css [36m304 [0m4.387 ms - -[0m
[0mGET /Styles/index_style.css [36m304 [0m3.304 ms - -[0m
[0mGET /images/Stride%20right%20font.png [36m304 [0m2.911 ms - -[0m
[0mGET /images/facebook_logo.png [36m304 [0m2.476 ms - -[0m
[0mGET /images/twitter_white_logo.png [36m304 [0m2.204 ms - -[0m
[0mGET / [32m200 [0m2.579 ms - 1856[0m
[0mGET /Styles/style_remover.css [32m200 [0m2.068 ms - 1118[0m
[0mGET /images/Stride%20right%20font.png [32m200 [0m6.166 ms - 5418[0m
[0mGET /Styles/index_style.css [32m200 [0m8.582 ms - 8435[0m
[0mGET /images/twitter_white_logo.png [32m200 [0m1.433 ms - 3932[0m
[0mGET /images/facebook_logo.png [32m200 [0m1.232 ms - 686[0m
[0mGET /images/stride.ico [32m200 [0m1.520 ms - 236[0m
[0mGET / [32m200 [0m1.596 ms - 1856[0m
[0mGET /Styles/style_remover.css [32m200 [0m3.996 ms - 1118[0m
[0mGET /Styles/index_style.css [32m200 [0m3.052 ms - 8435[0m
[0mGET /images/Stride%20right%20font.png [32m200 [0m1.177 ms - 5418[0m
[0mGET /images/twitter_white_logo.png [32m200 [0m1.312 ms - 3932[0m
[0mGET /images/facebook_logo.png [32m200 [0m1.186 ms - 686[0m
[0mGET /images/stride.ico [32m200 [0m1.892 ms - 236[0m
[0mGET /signuptype [32m200 [0m2.269 ms - 1394[0m
[0mGET /Styles/index_style.css [36m304 [0m2.631 ms - -[0m
[0mGET /Styles/style_remover.css [36m304 [0m1.817 ms - -[0m
[0mGET / [32m200 [0m1.442 ms - 1856[0m
[0mGET /signuptype [32m200 [0m1.154 ms - 1394[0m
[0mGET /Styles/style_remover.css [36m304 [0m0.575 ms - -[0m
[0mGET /Styles/index_style.css [36m304 [0m0.531 ms - -[0m
[0mGET /studentsignup [32m200 [0m70.667 ms - 2061[0m
[0mGET /Styles/style_remover.css [36m304 [0m3.022 ms - -[0m
[0mGET /Styles/index_style.css [36m304 [0m3.959 ms - -[0m
[0mGET /teachersignup [32m200 [0m119.090 ms - 2189[0m
[0mGET /Styles/style_remover.css [36m304 [0m3.635 ms - -[0m
[0mGET /Styles/index_style.css [36m304 [0m0.930 ms - -[0m
[0mGET /Styles/style_remover.css [32m200 [0m3.286 ms - 1118[0m
[0mGET /Styles/index_style.css [32m200 [0m1.613 ms - 8435[0m
[0mGET /images/Stride%20right%20font.png [32m200 [0m1.760 ms - 5418[0m
[0mGET /images/twitter_white_logo.png [32m200 [0m4.064 ms - 3932[0m
[0mGET /images/facebook_logo.png [32m200 [0m1.788 ms - 686[0m
[0mGET /images/stride.ico [32m200 [0m3.938 ms - 236[0m
[0mGET / [32m200 [0m2.454 ms - 1856[0m
[0mGET /signuptype [32m200 [0m2.344 ms - 1394[0m
[0mGET /images/facebook_logo.png [32m200 [0m1.604 ms - 686[0m
[0mGET /Styles/index_style.css [32m200 [0m15.030 ms - 8435[0m
[0mGET /images/Stride%20right%20font.png [32m200 [0m16.174 ms - 5418[0m
[0mGET /images/twitter_white_logo.png [32m200 [0m14.304 ms - 3932[0m
[0mGET /Styles/style_remover.css [36m304 [0m6.915 ms - -[0m
[0mGET /Styles/index_style.css [36m304 [0m4.483 ms - -[0m
[0mGET /Styles/style_remover.css [32m200 [0m2.226 ms - 1118[0m
[0mPOST /addstudent [36m302 [0m31.235 ms - 58[0m
[0mGET / [36m304 [0m3.126 ms - -[0m
[0mGET /Styles/style_remover.css [36m304 [0m9.072 ms - -[0m
[0mGET /Styles/index_style.css [36m304 [0m7.967 ms - -[0m
[0mGET /images/Stride%20right%20font.png [36m304 [0m6.057 ms - -[0m
[0mGET /images/facebook_logo.png [36m304 [0m2.874 ms - -[0m
[0mGET /images/twitter_white_logo.png [36m304 [0m3.071 ms - -[0m
[0mGET /studentsignup [32m200 [0m2.392 ms - 2061[0m
[0mGET /images/stride.ico [32m200 [0m2.607 ms - 236[0m
[0mGET /Styles/style_remover.css [36m304 [0m2.622 ms - -[0m
[0mGET /Styles/index_style.css [36m304 [0m1.721 ms - -[0m
[0mPOST /login [32m200 [0m10.015 ms - 1400[0m
[0mGET /Styles/style_remover.css [36m304 [0m4.370 ms - -[0m
[0mGET /Styles/index_style.css [36m304 [0m3.390 ms - -[0m
[0mGET /signuptype [32m200 [0m2.286 ms - 1394[0m
[0mPOST /addteacher [36m302 [0m15.289 ms - 58[0m
[0mGET / [36m304 [0m3.255 ms - -[0m
[0mGET /Styles/index_style.css [36m304 [0m5.373 ms - -[0m
[0mGET /Styles/style_remover.css [36m304 [0m4.975 ms - -[0m
[0mGET /images/Stride%20right%20font.png [36m304 [0m3.338 ms - -[0m
[0mGET /images/twitter_white_logo.png [36m304 [0m5.459 ms - -[0m
[0mGET /images/facebook_logo.png [36m304 [0m6.027 ms - -[0m
[0mGET /Styles/style_remover.css [36m304 [0m3.239 ms - -[0m
[0mGET /login [33m404 [0m48.019 ms - 38[0m
[0mGET /favicon.ico [33m404 [0m3.739 ms - 38[0m
[0mGET /Styles/index_style.css [36m304 [0m2.255 ms - -[0m
[0mPOST /addstudent [36m302 [0m14.641 ms - 58[0m
[0mGET / [32m200 [0m1.604 ms - 1856[0m
[0mGET /studentsignup [32m200 [0m3.860 ms - 2061[0m
[0mPOST /login [32m200 [0m6.772 ms - 2056[0m
[0mGET /Styles/style_remover.css [36m304 [0m5.303 ms - -[0m
[0mGET /Styles/index_style.css [36m304 [0m3.966 ms - -[0m
[0mGET /images/Stride%20right%20font.png [36m304 [0m3.419 ms - -[0m
[0mGET /images/facebook_logo.png [36m304 [0m1.944 ms - -[0m
[0mGET /images/twitter_white_logo.png [36m304 [0m1.093 ms - -[0m
[0mGET /Styles/style_remover.css [36m304 [0m1.830 ms - -[0m
[0mGET /Styles/index_style.css [36m304 [0m1.426 ms - -[0m
[0mGET /images/Stride%20right%20font.png [36m304 [0m2.842 ms - -[0m
[0mGET /images/twitter_white_logo.png [36m304 [0m1.525 ms - -[0m
[0mGET /images/facebook_logo.png [36m304 [0m1.036 ms - -[0m
[0mGET /Styles/index_style.css [36m304 [0m2.594 ms - -[0m
[0mGET /Styles/style_remover.css [36m304 [0m3.412 ms - -[0m
[0mGET /signuptype [32m200 [0m5.580 ms - 1394[0m
[0mGET /Styles/style_remover.css [36m304 [0m1.612 ms - -[0m
[0mGET /Styles/index_style.css [36m304 [0m1.541 ms - -[0m
[0mPOST /login [32m200 [0m10.785 ms - 1400[0m
[0mGET /Styles/index_style.css [36m304 [0m5.709 ms - -[0m
[0mGET /Styles/style_remover.css [36m304 [0m8.607 ms - -[0m
[0mGET /studentsignup [32m200 [0m3.763 ms - 2061[0m
[0mGET /login [33m404 [0m10.184 ms - 38[0m
[0mGET /Styles/style_remover.css [36m304 [0m1.609 ms - -[0m
[0mGET /Styles/index_style.css [36m304 [0m3.705 ms - -[0m
[0mGET /Styles/style_remover.css [36m304 [0m5.786 ms - -[0m
[0mGET /Styles/index_style.css [36m304 [0m5.529 ms - -[0m
[0mGET /images/Stride%20right%20font.png [36m304 [0m5.460 ms - -[0m
[0mGET /images/facebook_logo.png [36m304 [0m1.221 ms - -[0m
[0mGET /images/twitter_white_logo.png [36m304 [0m1.370 ms - -[0m
[0mPOST /login [32m200 [0m15.898 ms - 1396[0m
[0mGET /Styles/style_remover.css [36m304 [0m14.667 ms - -[0m
[0mGET /Styles/index_style.css [36m304 [0m6.604 ms - -[0m
[0mPOST /addstudent [36m302 [0m14.564 ms - 58[0m
[0mGET / [36m304 [0m5.190 ms - -[0m
[0mGET /Styles/index_style.css [36m304 [0m4.740 ms - -[0m
[0mGET /images/Stride%20right%20font.png [36m304 [0m4.846 ms - -[0m
[0mGET /Styles/style_remover.css [36m304 [0m4.288 ms - -[0m
[0mGET /images/facebook_logo.png [36m304 [0m4.001 ms - -[0m
[0mGET /images/twitter_white_logo.png [36m304 [0m1.905 ms - -[0m
[0mGET /login [33m404 [0m2.025 ms - 38[0m
[0mGET /favicon.ico [33m404 [0m1.721 ms - 38[0m
[0mPOST /addstudent [36m302 [0m15.399 ms - 58[0m
[0mGET / [32m200 [0m5.156 ms - 1856[0m
[0mGET /Styles/style_remover.css [36m304 [0m8.754 ms - -[0m
[0mGET /Styles/index_style.css [36m304 [0m8.387 ms - -[0m
[0mGET /images/Stride%20right%20font.png [36m304 [0m7.914 ms - -[0m
[0mGET /images/twitter_white_logo.png [36m304 [0m5.848 ms - -[0m
[0mGET /images/facebook_logo.png [36m304 [0m3.545 ms - -[0m
[0mPOST /login [32m200 [0m6.558 ms - 1399[0m
[0mGET /Styles/style_remover.css [36m304 [0m2.588 ms - -[0m
[0mGET /Styles/index_style.css [36m304 [0m2.019 ms - -[0m
[0mGET /login [33m404 [0m6.746 ms - 38[0m
[0mGET /favicon.ico [33m404 [0m1.951 ms - 38[0m
[0mPOST /login [32m200 [0m14.864 ms - 1401[0m
[0mGET /Styles/style_remover.css [36m304 [0m6.163 ms - -[0m
[0mGET /Styles/index_style.css [36m304 [0m4.211 ms - -[0m
[0mPOST /login [32m200 [0m12.784 ms - 1399[0m
[0mGET /Styles/index_style.css [36m304 [0m1.739 ms - -[0m
[0mGET /Styles/style_remover.css [36m304 [0m0.896 ms - -[0m
[0mPOST /login [32m200 [0m9.174 ms - 2056[0m
[0mGET /Styles/style_remover.css [36m304 [0m6.304 ms - -[0m
[0mGET /Styles/index_style.css [36m304 [0m5.904 ms - -[0m
[0mGET /images/Stride%20right%20font.png [36m304 [0m5.109 ms - -[0m
[0mGET /images/facebook_logo.png [36m304 [0m3.627 ms - -[0m
[0mGET /images/twitter_white_logo.png [36m304 [0m2.872 ms - -[0m
[0mGET /login [33m404 [0m1.967 ms - 38[0m
[0mGET /favicon.ico [33m404 [0m1.527 ms - 38[0m
[0mGET / [32m200 [0m9.445 ms - 1856[0m
[0mPOST /login [32m200 [0m10.189 ms - 1400[0m
[0mGET /Styles/style_remover.css [36m304 [0m4.960 ms - -[0m
[0mGET /Styles/index_style.css [36m304 [0m4.167 ms - -[0m
[0mGET /login [33m404 [0m3.987 ms - 38[0m
[0mGET /about [32m200 [0m61.099 ms - 1397[0m
[0mGET /Styles/style_remover.css [36m304 [0m1.846 ms - -[0m
[0mGET /Styles/index_style.css [36m304 [0m1.407 ms - -[0m
[0mGET /contact [32m200 [0m80.567 ms - 1660[0m
[0mGET /Styles/style_remover.css [36m304 [0m2.028 ms - -[0m
[0mGET /Styles/index_style.css [36m304 [0m2.884 ms - -[0m
[0mGET /products [32m200 [0m114.166 ms - 3749[0m
[0mGET /Styles/style_remover.css [36m304 [0m1.844 ms - -[0m
[0mGET /Styles/index_style.css [36m304 [0m1.594 ms - -[0m
[0mGET /Images/stride_screenshot.jpg [33m404 [0m2.299 ms - 38[0m
[0mGET /Images/stride.ico [33m404 [0m1.812 ms - 38[0m
[0mGET / [36m304 [0m1.822 ms - -[0m
[0mGET /Styles/style_remover.css [36m304 [0m7.713 ms - -[0m
[0mGET /Styles/index_style.css [36m304 [0m6.497 ms - -[0m
[0mGET /images/Stride%20right%20font.png [36m304 [0m7.476 ms - -[0m
[0mGET /images/facebook_logo.png [36m304 [0m5.939 ms - -[0m
[0mGET /images/twitter_white_logo.png [36m304 [0m5.383 ms - -[0m
[0mGET /products [36m304 [0m2.610 ms - -[0m
[0mGET /Styles/style_remover.css [36m304 [0m1.990 ms - -[0m
[0mGET /Styles/index_style.css [36m304 [0m2.760 ms - -[0m
[0mGET /Images/stride_screenshot.jpg [33m404 [0m4.628 ms - 38[0m
[0mGET /Images/stride_screenshot.jpg [33m404 [0m1.665 ms - 38[0m
[0mGET / [36m304 [0m1.619 ms - -[0m
[0mGET /Styles/style_remover.css [36m304 [0m4.964 ms - -[0m
[0mGET /images/Stride%20right%20font.png [36m304 [0m4.774 ms - -[0m
[0mGET /Styles/index_style.css [36m304 [0m3.079 ms - -[0m
[0mGET /images/facebook_logo.png [36m304 [0m1.907 ms - -[0m
[0mGET /images/twitter_white_logo.png [36m304 [0m1.686 ms - -[0m
[0mPOST /login [32m200 [0m10.526 ms - 1400[0m
[0mGET /Styles/style_remover.css [36m304 [0m5.444 ms - -[0m
[0mGET /Styles/index_style.css [36m304 [0m2.121 ms - -[0m
[0mGET / [36m304 [0m2.484 ms - -[0m
[0mGET /Styles/style_remover.css [36m304 [0m1.029 ms - -[0m
[0mGET /Styles/index_style.css [36m304 [0m1.516 ms - -[0m
[0mGET /images/Stride%20right%20font.png [36m304 [0m0.678 ms - -[0m
[0mGET /images/facebook_logo.png [36m304 [0m1.201 ms - -[0m
[0mGET /images/twitter_white_logo.png [36m304 [0m0.981 ms - -[0m
[0mGET /signuptype [36m304 [0m3.928 ms - -[0m
[0mGET /Styles/style_remover.css [36m304 [0m1.189 ms - -[0m
[0mGET /Styles/index_style.css [36m304 [0m2.083 ms - -[0m
[0mGET /teachersignup [32m200 [0m1.125 ms - 2189[0m
[0mGET /Styles/style_remover.css [36m304 [0m1.816 ms - -[0m
[0mGET /Styles/index_style.css [36m304 [0m1.411 ms - -[0m
[0mPOST /addteacher [36m302 [0m13.414 ms - 58[0m
[0mGET / [36m304 [0m1.840 ms - -[0m
[0mGET /Styles/style_remover.css [36m304 [0m1.562 ms - -[0m
[0mGET /Styles/index_style.css [36m304 [0m1.270 ms - -[0m
[0mGET /images/Stride%20right%20font.png [36m304 [0m1.151 ms - -[0m
[0mGET /images/facebook_logo.png [36m304 [0m1.438 ms - -[0m
[0mGET /images/twitter_white_logo.png [36m304 [0m3.359 ms - -[0m
[0mPOST /login [32m200 [0m4.165 ms - 1400[0m
[0mGET /Styles/style_remover.css [36m304 [0m2.486 ms - -[0m
[0mGET /Styles/index_style.css [36m304 [0m1.936 ms - -[0m
[0mGET /index.php [33m404 [0m4.847 ms - 38[0m
[0mGET /phppath/php5 [33m404 [0m3.553 ms - 38[0m
[0mGET /local-bin/php [33m404 [0m4.469 ms - 38[0m
[0mGET /cgi-bin/php.cgi [33m404 [0m0.925 ms - 38[0m
[0mGET /cgi-bin/php [33m404 [0m1.294 ms - 38[0m
[0mGET /cgi-bin/php5 [33m404 [0m1.427 ms - 38[0m
[0mGET /cgi-bin/php4 [33m404 [0m8.528 ms - 38[0m
[0mGET /cgi-bin/php-cgi [33m404 [0m4.519 ms - 38[0m
[0mGET /local-bin/php5 [33m404 [0m2.063 ms - 38[0m
